Using pre-set license
Built from '2021.3/china_unity/release' branch; Version is '2021.3.18f1c1 (93698379025b) revision 9660803'; Using compiler version '192829333'; Build Type 'Release'
OS: 'Windows 11  (10.0.22610) 64bit CoreCountrySpecific' Language: 'zh' Physical Memory: 16220 MB
BatchMode: 1, IsHumanControllingUs: 0, StartBugReporterOnCrash: 0, Is64bit: 1, IsPro: 1

COMMAND LINE ARGUMENTS:
C:\Program Files\Unity\Hub\Editor\2021.3.18f1c1\Editor\Unity.exe
-adb2
-batchMode
-noUpm
-name
AssetImportWorker0
-projectPath
C:/Users/AustinFYX/Desktop/Team_An/02/a3_anshuokai/yuxiaofei
-logFile
Logs/AssetImportWorker0.log
-srvPort
31727
Successfully changed project path to: C:/Users/AustinFYX/Desktop/Team_An/02/a3_anshuokai/yuxiaofei
C:/Users/AustinFYX/Desktop/Team_An/02/a3_anshuokai/yuxiaofei
[UnityMemory] Configuration Parameters - Can be set up in boot.config
    "memorysetup-bucket-allocator-granularity=16"
    "memorysetup-bucket-allocator-bucket-count=8"
    "memorysetup-bucket-allocator-block-size=33554432"
    "memorysetup-bucket-allocator-block-count=8"
    "memorysetup-main-allocator-block-size=16777216"
    "memorysetup-thread-allocator-block-size=16777216"
    "memorysetup-gfx-main-allocator-block-size=16777216"
    "memorysetup-gfx-thread-allocator-block-size=16777216"
    "memorysetup-cache-allocator-block-size=4194304"
    "memorysetup-typetree-allocator-block-size=2097152"
    "memorysetup-profiler-bucket-allocator-granularity=16"
    "memorysetup-profiler-bucket-allocator-bucket-count=8"
    "memorysetup-profiler-bucket-allocator-block-size=33554432"
    "memorysetup-profiler-bucket-allocator-block-count=8"
    "memorysetup-profiler-allocator-block-size=16777216"
    "memorysetup-profiler-editor-allocator-block-size=1048576"
    "memorysetup-temp-allocator-size-main=16777216"
    "memorysetup-job-temp-allocator-block-size=2097152"
    "memorysetup-job-temp-allocator-block-size-background=1048576"
    "memorysetup-job-temp-allocator-reduction-small-platforms=262144"
    "memorysetup-temp-allocator-size-background-worker=32768"
    "memorysetup-temp-allocator-size-job-worker=262144"
    "memorysetup-temp-allocator-size-preload-manager=33554432"
    "memorysetup-temp-allocator-size-nav-mesh-worker=65536"
    "memorysetup-temp-allocator-size-audio-worker=65536"
    "memorysetup-temp-allocator-size-cloud-worker=32768"
    "memorysetup-temp-allocator-size-gi-baking-worker=262144"
    "memorysetup-temp-allocator-size-gfx=262144"
Player connection [12732] Host "[IP] 192.168.31.188 [Port] 0 [Flags] 2 [Guid] 451139422 [EditorId] 451139422 [Version] 1048832 [Id] WindowsEditor(7,Austin) [Debug] 1 [PackageName] WindowsEditor [ProjectName] Editor" joined multi-casting on [225.0.0.222:54997]...

Player connection [12732] Host "[IP] 192.168.31.188 [Port] 0 [Flags] 2 [Guid] 451139422 [EditorId] 451139422 [Version] 1048832 [Id] WindowsEditor(7,Austin) [Debug] 1 [PackageName] WindowsEditor [ProjectName] Editor" joined alternative multi-casting on [225.0.0.222:34997]...

AS: AutoStreaming module initializing.
Refreshing native plugins compatible for Editor in 78.97 ms, found 3 plugins.
Preloading 0 native plugins for Editor in 0.00 ms.
Initialize engine version: 2021.3.18f1c1 (93698379025b)
[Subsystems] Discovering subsystems at path C:/Program Files/Unity/Hub/Editor/2021.3.18f1c1/Editor/Data/Resources/UnitySubsystems
[Subsystems] Discovering subsystems at path C:/Users/AustinFYX/Desktop/Team_An/02/a3_anshuokai/yuxiaofei/Assets
GfxDevice: creating device client; threaded=0; jobified=0
Direct3D:
    Version:  Direct3D 11.0 [level 11.1]
    Renderer: NVIDIA GeForce RTX 3060 Laptop GPU (ID=0x2520)
    Vendor:   NVIDIA
    VRAM:     6009 MB
    Driver:   31.0.15.3141
Initialize mono
Mono path[0] = 'C:/Program Files/Unity/Hub/Editor/2021.3.18f1c1/Editor/Data/Managed'
Mono path[1] = 'C:/Program Files/Unity/Hub/Editor/2021.3.18f1c1/Editor/Data/MonoBleedingEdge/lib/mono/unityjit-win32'
Mono config path = 'C:/Program Files/Unity/Hub/Editor/2021.3.18f1c1/Editor/Data/MonoBleedingEdge/etc'
Using monoOptions --debugger-agent=transport=dt_socket,embedding=1,server=y,suspend=n,address=127.0.0.1:56664
Begin MonoManager ReloadAssembly
Registering precompiled unity dll's ...
Register platform support module: C:/Program Files/Unity/Hub/Editor/2021.3.18f1c1/Editor/Data/PlaybackEngines/WebGLSupport/UnityEditor.WebGL.Extensions.dll
Register platform support module: C:/Program Files/Unity/Hub/Editor/2021.3.18f1c1/Editor/Data/PlaybackEngines/WindowsStandaloneSupport/UnityEditor.WindowsStandalone.Extensions.dll
Registered in 0.007454 seconds.
Native extension for WindowsStandalone target not found
Native extension for WebGL target not found
Refreshing native plugins compatible for Editor in 84.13 ms, found 3 plugins.
Preloading 0 native plugins for Editor in 0.00 ms.
Mono: successfully reloaded assembly
- Completed reload, in  0.625 seconds
Domain Reload Profiling:
	ReloadAssembly (625ms)
		BeginReloadAssembly (79ms)
			ExecutionOrderSort (0ms)
			DisableScriptedObjects (0ms)
			BackupInstance (0ms)
			ReleaseScriptingObjects (0ms)
			CreateAndSetChildDomain (1ms)
		EndReloadAssembly (431ms)
			LoadAssemblies (73ms)
			RebuildTransferFunctionScriptingTraits (0ms)
			SetupTypeCache (100ms)
			ReleaseScriptCaches (0ms)
			RebuildScriptCaches (21ms)
			SetupLoadedEditorAssemblies (251ms)
				LogAssemblyErrors (0ms)
				InitializePlatformSupportModulesInManaged (9ms)
				SetLoadedEditorAssemblies (0ms)
				RefreshPlugins (84ms)
				BeforeProcessingInitializeOnLoad (1ms)
				ProcessInitializeOnLoadAttributes (110ms)
				ProcessInitializeOnLoadMethodAttributes (47ms)
				AfterProcessingInitializeOnLoad (0ms)
				EditorAssembliesLoaded (0ms)
			ExecutionOrderSort2 (0ms)
			AwakeInstancesAfterBackupRestoration (0ms)
Platform modules already initialized, skipping
Registering precompiled user dll's ...
Registered in 0.012435 seconds.
Begin MonoManager ReloadAssembly
Symbol file LoadedFromMemory doesn't match image C:\Users\AustinFYX\Desktop\Team_An\02\a3_anshuokai\yuxiaofei\Library\PackageCache\com.unity.visualscripting@1.8.0\Editor\VisualScripting.Core\Dependencies\YamlDotNet\Unity.VisualScripting.YamlDotNet.dll
Symbol file LoadedFromMemory doesn't match image C:\Users\AustinFYX\Desktop\Team_An\02\a3_anshuokai\yuxiaofei\Library\PackageCache\com.unity.visualscripting@1.8.0\Editor\VisualScripting.Core\Dependencies\DotNetZip\Unity.VisualScripting.IonicZip.dll
Native extension for WindowsStandalone target not found
Native extension for WebGL target not found
Refreshing native plugins compatible for Editor in 1.21 ms, found 3 plugins.
Preloading 0 native plugins for Editor in 0.00 ms.
Mono: successfully reloaded assembly
- Completed reload, in  1.122 seconds
Domain Reload Profiling:
	ReloadAssembly (1122ms)
		BeginReloadAssembly (110ms)
			ExecutionOrderSort (0ms)
			DisableScriptedObjects (5ms)
			BackupInstance (0ms)
			ReleaseScriptingObjects (0ms)
			CreateAndSetChildDomain (19ms)
		EndReloadAssembly (892ms)
			LoadAssemblies (81ms)
			RebuildTransferFunctionScriptingTraits (0ms)
			SetupTypeCache (229ms)
			ReleaseScriptCaches (0ms)
			RebuildScriptCaches (46ms)
			SetupLoadedEditorAssemblies (492ms)
				LogAssemblyErrors (0ms)
				InitializePlatformSupportModulesInManaged (9ms)
				SetLoadedEditorAssemblies (1ms)
				RefreshPlugins (1ms)
				BeforeProcessingInitializeOnLoad (85ms)
				ProcessInitializeOnLoadAttributes (365ms)
				ProcessInitializeOnLoadMethodAttributes (16ms)
				AfterProcessingInitializeOnLoad (15ms)
				EditorAssembliesLoaded (0ms)
			ExecutionOrderSort2 (0ms)
			AwakeInstancesAfterBackupRestoration (6ms)
Platform modules already initialized, skipping
========================================================================
Worker process is ready to serve import requests
Launched and connected shader compiler UnityShaderCompiler.exe after 0.05 seconds
Refreshing native plugins compatible for Editor in 0.68 ms, found 3 plugins.
Preloading 0 native plugins for Editor in 0.00 ms.
Unloading 3262 Unused Serialized files (Serialized files now loaded: 0)
Unloading 37 unused Assets / (186.5 KB). Loaded Objects now: 3726.
Memory consumption went from 122.2 MB to 122.1 MB.
Total: 3.085400 ms (FindLiveObjects: 0.241300 ms CreateObjectMapping: 0.096800 ms MarkObjects: 2.623500 ms  DeleteObjects: 0.123000 ms)

AssetImportParameters requested are different than current active one (requested -> active):
  custom:video-decoder-ogg-theora: a1e56fd34408186e4bbccfd4996cb3dc -> 
  custom:container-muxer-webm: aa71ff27fc2769a1b78a27578f13a17b -> 
  custom:container-demuxer-webm: 4f35f7cbe854078d1ac9338744f61a02 -> 
  custom:video-encoder-webm-vp8: eb34c28f22e8b96e1ab97ce403110664 -> 
  custom:video-codec-MediaFoundation-h265: 746d11721c4dcdbdad8f713fa42b33f4 -> 
  custom:audio-encoder-webm-vorbis: bf7c407c2cedff20999df2af8eb42d56 -> 
  custom:framework-win-MediaFoundation: 216162199b28c13a410421893ffa2e32 -> 
  custom:container-demuxer-ogg: 62fdf1f143b41e24485cea50d1cbac27 -> 
  custom:video-decoder-webm-vp8: 9c59270c3fd7afecdb556c50c9e8de78 -> 
  custom:audio-decoder-ogg-vorbis: bf7c407c2cedff20999df2af8eb42d56 -> 
========================================================================
Received Import Request.
  Time since last request: 8498.343652 seconds.
  path: Assets/KLURA Design Assets_an/Sci Fi Assets Style 1 Sample pack/Sample prefabs/roof_1_2_vent.prefab
  artifactKey: Guid(6b9d41bf9d8745f4e88d80b64e793daf) Importer(815301076,1909f56bfc062723c751e8b465ee728b)
Start importing Assets/KLURA Design Assets_an/Sci Fi Assets Style 1 Sample pack/Sample prefabs/roof_1_2_vent.prefab using Guid(6b9d41bf9d8745f4e88d80b64e793daf) Importer(815301076,1909f56bfc062723c751e8b465ee728b)  -> (artifact id: 'f3c59a8ff7322c185d155fb723d712ee') in 0.126739 seconds 
========================================================================
Received Import Request.
  Time since last request: 0.000029 seconds.
  path: Assets/KLURA Design Assets_an/Sci Fi Assets Style 1 Sample pack/Sample meshes/Style 1 roof samples.fbx
  artifactKey: Guid(47ea1471141e9cb4a8cb8a1b4b47b502) Importer(815301076,1909f56bfc062723c751e8b465ee728b)
Start importing Assets/KLURA Design Assets_an/Sci Fi Assets Style 1 Sample pack/Sample meshes/Style 1 roof samples.fbx using Guid(47ea1471141e9cb4a8cb8a1b4b47b502) Importer(815301076,1909f56bfc062723c751e8b465ee728b)  -> (artifact id: '0db111c0442356fc0458f927898ef641') in 0.057312 seconds 
========================================================================
Received Import Request.
  Time since last request: 0.000025 seconds.
  path: Assets/KLURA Design Assets_an/Sci Fi Assets Style 1 Sample pack/Sample meshes/Style 1 walls samples.fbx
  artifactKey: Guid(a6301ae2997d0d64dbee0eee654efe0b) Importer(815301076,1909f56bfc062723c751e8b465ee728b)
Start importing Assets/KLURA Design Assets_an/Sci Fi Assets Style 1 Sample pack/Sample meshes/Style 1 walls samples.fbx using Guid(a6301ae2997d0d64dbee0eee654efe0b) Importer(815301076,1909f56bfc062723c751e8b465ee728b)  -> (artifact id: 'ec4bcbe559170f330f49d9b1d506b48f') in 0.055758 seconds 
========================================================================
Received Import Request.
  Time since last request: 0.000038 seconds.
  path: Assets/KLURA Design Assets_an/Sci Fi Assets Style 1 Sample pack/Samples materals/style 1 walls 1.mat
  artifactKey: Guid(c195770d41a0dfc4c9e253a168411144) Importer(815301076,1909f56bfc062723c751e8b465ee728b)
Start importing Assets/KLURA Design Assets_an/Sci Fi Assets Style 1 Sample pack/Samples materals/style 1 walls 1.mat using Guid(c195770d41a0dfc4c9e253a168411144) Importer(815301076,1909f56bfc062723c751e8b465ee728b)  -> (artifact id: 'b69dc3e68e4cb4abf4d1ba6e5a5fa34b') in 0.032471 seconds 
========================================================================
Received Import Request.
  Time since last request: 0.000027 seconds.
  path: Assets/KLURA Design Assets_an/Sci Fi Assets Style 1 Sample pack/Sample prefabs/style_1_walls_2.prefab
  artifactKey: Guid(ee65bc5a8a1b3454581a339cf9236890) Importer(815301076,1909f56bfc062723c751e8b465ee728b)
Start importing Assets/KLURA Design Assets_an/Sci Fi Assets Style 1 Sample pack/Sample prefabs/style_1_walls_2.prefab using Guid(ee65bc5a8a1b3454581a339cf9236890) Importer(815301076,1909f56bfc062723c751e8b465ee728b)  -> (artifact id: 'b3b5d90a5f7ecd54ee35b05f0fb123d3') in 0.010469 seconds 
Editor requested this worker to shutdown with reason: Scaling down because of idle timeout
AssetImportWorker is now disconnected from the server
Process exiting
Exiting without the bug reporter. Application will terminate with return code 0